<?xml version="1.0" encoding="UTF-8"?>
<testng-results ignored="2" total="24" passed="21" failed="1" skipped="0">
  <reporter-output>
  </reporter-output>
  <suite started-at="2024-09-09T17:45:05Z" name="All Test Suite" finished-at="2024-09-09T17:45:14Z" duration-ms="9002">
    <groups>
      <group name="system">
        <method signature="Test03.testDivision()[pri:1, instance:org.example.demo111.TestCase.Test03@1cf6d1be]" name="testDivision" class="org.example.demo111.TestCase.Test03"/>
      </group> <!-- system -->
      <group name="success">
        <method signature="Test01.test3()[pri:0, instance:org.example.demo111.TestCase.Test01@53045c6c]" name="test3" class="org.example.demo111.TestCase.Test01"/>
        <method signature="Test03.Addition_11()[pri:1, instance:org.example.demo111.TestCase.Test03@1cf6d1be]" name="Addition_11" class="org.example.demo111.TestCase.Test03"/>
        <method signature="Test03.test_Parameters(java.lang.String)[pri:2, instance:org.example.demo111.TestCase.Test03@1cf6d1be]" name="test_Parameters" class="org.example.demo111.TestCase.Test03"/>
      </group> <!-- success -->
      <group name="smoke">
        <method signature="ExcelDataTest.testLogin(java.util.HashMap)[pri:1, instance:org.example.demo111.TestCase.ExcelDataTest@19e4653c]" name="testLogin" class="org.example.demo111.TestCase.ExcelDataTest"/>
        <method signature="TC1.testcase1()[pri:1, instance:org.example.demo111.TestCase.TC1@795509d9]" name="testcase1" class="org.example.demo111.TestCase.TC1"/>
        <method signature="Test01.test11_demo_post_Json_fail()[pri:1, instance:org.example.demo111.TestCase.Test01@53045c6c]" name="test11_demo_post_Json_fail" class="org.example.demo111.TestCase.Test01"/>
        <method signature="Test01.test4_jf0001()[pri:0, instance:org.example.demo111.TestCase.Test01@53045c6c]" name="test4_jf0001" class="org.example.demo111.TestCase.Test01"/>
        <method signature="Test01.test6_jf0006_smsCodeSuccess()[pri:0, instance:org.example.demo111.TestCase.Test01@53045c6c]" name="test6_jf0006_smsCodeSuccess" class="org.example.demo111.TestCase.Test01"/>
        <method signature="Test01.test6_jf0006_smsCodefail()[pri:0, instance:org.example.demo111.TestCase.Test01@53045c6c]" name="test6_jf0006_smsCodefail" class="org.example.demo111.TestCase.Test01"/>
        <method signature="Test01.test7_boc_smsCodefail()[pri:0, instance:org.example.demo111.TestCase.Test01@53045c6c]" name="test7_boc_smsCodefail" class="org.example.demo111.TestCase.Test01"/>
        <method signature="Test01.test8_boc_smsCodeSuccess()[pri:0, instance:org.example.demo111.TestCase.Test01@53045c6c]" name="test8_boc_smsCodeSuccess" class="org.example.demo111.TestCase.Test01"/>
      </group> <!-- smoke -->
      <group name="sit">
        <method signature="TC1.testcase2(java.lang.Integer, java.lang.String)[pri:1, instance:org.example.demo111.TestCase.TC1@795509d9]" name="testcase2" class="org.example.demo111.TestCase.TC1"/>
      </group> <!-- sit -->
    </groups>
    <test started-at="2024-09-09T17:45:05Z" name="D:/IDEAProjects/demo111" finished-at="2024-09-09T17:45:14Z" duration-ms="9002">
      <class name="org.example.demo111.TestCase.TC1">
        <test-method signature="testcase2(java.lang.Integer, java.lang.String)[pri:1, instance:org.example.demo111.TestCase.TC1@795509d9]" started-at="2024-09-09T17:45:14Z" name="testcase2" data-provider="dp" finished-at="2024-09-09T17:45:14Z" duration-ms="3" status="PASS">
          <params>
            <param index="0">
              <value>
                <![CDATA[1]]>
              </value>
            </param>
            <param index="1">
              <value>
                <![CDATA[a]]>
              </value>
            </param>
          </params>
          <reporter-output>
          </reporter-output>
        </test-method> <!-- testcase2 -->
        <test-method signature="testcase2(java.lang.Integer, java.lang.String)[pri:1, instance:org.example.demo111.TestCase.TC1@795509d9]" started-at="2024-09-09T17:45:14Z" name="testcase2" data-provider="dp" finished-at="2024-09-09T17:45:14Z" duration-ms="2" status="PASS">
          <params>
            <param index="0">
              <value>
                <![CDATA[2]]>
              </value>
            </param>
            <param index="1">
              <value>
                <![CDATA[b]]>
              </value>
            </param>
          </params>
          <reporter-output>
          </reporter-output>
        </test-method> <!-- testcase2 -->
        <test-method signature="testcase2(java.lang.Integer, java.lang.String)[pri:1, instance:org.example.demo111.TestCase.TC1@795509d9]" started-at="2024-09-09T17:45:14Z" name="testcase2" data-provider="dp" finished-at="2024-09-09T17:45:14Z" duration-ms="2" status="PASS">
          <params>
            <param index="0">
              <value>
                <![CDATA[5]]>
              </value>
            </param>
            <param index="1">
              <value>
                <![CDATA[f]]>
              </value>
            </param>
          </params>
          <reporter-output>
          </reporter-output>
        </test-method> <!-- testcase2 -->
        <test-method signature="testcase1()[pri:1, instance:org.example.demo111.TestCase.TC1@795509d9]" started-at="2024-09-09T17:45:14Z" name="testcase1" finished-at="2024-09-09T17:45:14Z" duration-ms="1" status="PASS">
          <reporter-output>
          </reporter-output>
        </test-method> <!-- testcase1 -->
      </class> <!-- org.example.demo111.TestCase.TC1 -->
      <class name="org.example.demo111.TestCase.ExcelDataTest">
        <test-method signature="testLogin(java.util.HashMap)[pri:1, instance:org.example.demo111.TestCase.ExcelDataTest@19e4653c]" started-at="2024-09-09T17:45:13Z" name="testLogin" data-provider="noNameTip" finished-at="2024-09-09T17:45:14Z" duration-ms="180" status="PASS">
          <params>
            <param index="0">
              <value>
                <![CDATA[{passWord=123456, returnCode=9999, userName=sunhuaiqing, age=38, mark=ps1}]]>
              </value>
            </param>
          </params>
          <reporter-output>
          </reporter-output>
        </test-method> <!-- testLogin -->
        <test-method signature="testLogin(java.util.HashMap)[pri:1, instance:org.example.demo111.TestCase.ExcelDataTest@19e4653c]" started-at="2024-09-09T17:45:14Z" name="testLogin" data-provider="noNameTip" finished-at="2024-09-09T17:45:14Z" duration-ms="6" status="PASS">
          <params>
            <param index="0">
              <value>
                <![CDATA[{passWord=445566, returnCode=0000, userName=zhangsan, age=24, mark=ps2}]]>
              </value>
            </param>
          </params>
          <reporter-output>
          </reporter-output>
        </test-method> <!-- testLogin -->
        <test-method signature="testLogin(java.util.HashMap)[pri:1, instance:org.example.demo111.TestCase.ExcelDataTest@19e4653c]" started-at="2024-09-09T17:45:14Z" name="testLogin" data-provider="noNameTip" finished-at="2024-09-09T17:45:14Z" duration-ms="7" status="PASS">
          <params>
            <param index="0">
              <value>
                <![CDATA[{passWord=111666, returnCode=0000, userName=lisi, age=7, mark=ps3}]]>
              </value>
            </param>
          </params>
          <reporter-output>
          </reporter-output>
        </test-method> <!-- testLogin -->
        <test-method signature="testLogin(java.util.HashMap)[pri:1, instance:org.example.demo111.TestCase.ExcelDataTest@19e4653c]" started-at="2024-09-09T17:45:14Z" name="testLogin" data-provider="noNameTip" finished-at="2024-09-09T17:45:14Z" duration-ms="6" status="PASS">
          <params>
            <param index="0">
              <value>
                <![CDATA[{passWord=888888, returnCode=9999, userName=wangwu, age=99, mark=ps4}]]>
              </value>
            </param>
          </params>
          <reporter-output>
          </reporter-output>
        </test-method> <!-- testLogin -->
        <test-method signature="testLogin(java.util.HashMap)[pri:1, instance:org.example.demo111.TestCase.ExcelDataTest@19e4653c]" started-at="2024-09-09T17:45:14Z" name="testLogin" data-provider="noNameTip" finished-at="2024-09-09T17:45:14Z" duration-ms="7" status="PASS">
          <params>
            <param index="0">
              <value>
                <![CDATA[{passWord=777777, returnCode=0000, userName=wangdana, age=31, mark=ps5}]]>
              </value>
            </param>
          </params>
          <reporter-output>
          </reporter-output>
        </test-method> <!-- testLogin -->
      </class> <!-- org.example.demo111.TestCase.ExcelDataTest -->
      <class name="org.example.demo111.TestCase.Test01">
        <test-method signature="test1()[pri:0, instance:org.example.demo111.TestCase.Test01@53045c6c]" started-at="2024-09-09T17:45:05Z" name="test1" finished-at="2024-09-09T17:45:05Z" duration-ms="94" status="PASS">
          <reporter-output>
          </reporter-output>
        </test-method> <!-- test1 -->
        <test-method signature="test3()[pri:0, instance:org.example.demo111.TestCase.Test01@53045c6c]" started-at="2024-09-09T17:45:05Z" name="test3" finished-at="2024-09-09T17:45:06Z" duration-ms="1183" status="PASS">
          <reporter-output>
          </reporter-output>
        </test-method> <!-- test3 -->
        <test-method signature="test4_jf0001()[pri:0, instance:org.example.demo111.TestCase.Test01@53045c6c]" started-at="2024-09-09T17:45:06Z" name="test4_jf0001" finished-at="2024-09-09T17:45:09Z" duration-ms="3055" status="PASS">
          <reporter-output>
          </reporter-output>
        </test-method> <!-- test4_jf0001 -->
        <test-method signature="test6_jf0006_smsCodefail()[pri:0, instance:org.example.demo111.TestCase.Test01@53045c6c]" started-at="2024-09-09T17:45:09Z" name="test6_jf0006_smsCodefail" finished-at="2024-09-09T17:45:12Z" duration-ms="3016" status="PASS">
          <reporter-output>
          </reporter-output>
        </test-method> <!-- test6_jf0006_smsCodefail -->
        <test-method signature="test6_jf0006_smsCodeSuccess()[pri:0, instance:org.example.demo111.TestCase.Test01@53045c6c]" started-at="2024-09-09T17:45:12Z" name="test6_jf0006_smsCodeSuccess" finished-at="2024-09-09T17:45:13Z" duration-ms="1025" status="PASS">
          <reporter-output>
          </reporter-output>
        </test-method> <!-- test6_jf0006_smsCodeSuccess -->
        <test-method signature="test7_boc_smsCodefail()[pri:0, instance:org.example.demo111.TestCase.Test01@53045c6c]" started-at="2024-09-09T17:45:13Z" name="test7_boc_smsCodefail" finished-at="2024-09-09T17:45:13Z" duration-ms="12" status="PASS">
          <reporter-output>
          </reporter-output>
        </test-method> <!-- test7_boc_smsCodefail -->
        <test-method signature="test8_boc_smsCodeSuccess()[pri:0, instance:org.example.demo111.TestCase.Test01@53045c6c]" started-at="2024-09-09T17:45:13Z" name="test8_boc_smsCodeSuccess" finished-at="2024-09-09T17:45:13Z" duration-ms="5" status="PASS">
          <reporter-output>
          </reporter-output>
        </test-method> <!-- test8_boc_smsCodeSuccess -->
        <test-method signature="test11_demo_post_Json_fail()[pri:1, instance:org.example.demo111.TestCase.Test01@53045c6c]" started-at="2024-09-09T17:45:14Z" name="test11_demo_post_Json_fail" finished-at="2024-09-09T17:45:14Z" duration-ms="14" status="FAIL">
          <exception class="java.lang.AssertionError">
            <message>
              <![CDATA[expected [8888] but found [9999]]]>
            </message>
            <full-stacktrace>
              <![CDATA[java.lang.AssertionError: expected [8888] but found [9999]
at org.testng.Assert.fail(Assert.java:96)
at org.testng.Assert.failNotEquals(Assert.java:776)
at org.testng.Assert.assertEqualsImpl(Assert.java:137)
at org.testng.Assert.assertEquals(Assert.java:118)
at org.testng.Assert.assertEquals(Assert.java:453)
at org.testng.Assert.assertEquals(Assert.java:463)
at org.example.demo111.TestCase.Test01.test11_demo_post_Json_fail(Test01.java:196)
at java.base/jdk.internal.reflect.DirectMethodHandleAccessor.invoke(DirectMethodHandleAccessor.java:103)
at java.base/java.lang.reflect.Method.invoke(Method.java:580)
at org.testng.internal.MethodInvocationHelper.invokeMethod(MethodInvocationHelper.java:124)
at org.testng.internal.Invoker.invokeMethod(Invoker.java:583)
at org.testng.internal.Invoker.invokeTestMethod(Invoker.java:719)
at org.testng.internal.Invoker.invokeTestMethods(Invoker.java:989)
at org.testng.internal.TestMethodWorker.invokeTestMethods(TestMethodWorker.java:125)
at org.testng.internal.TestMethodWorker.run(TestMethodWorker.java:109)
at org.testng.TestRunner.privateRun(TestRunner.java:648)
at org.testng.TestRunner.run(TestRunner.java:505)
at org.testng.SuiteRunner.runTest(SuiteRunner.java:455)
at org.testng.SuiteRunner.runSequentially(SuiteRunner.java:450)
at org.testng.SuiteRunner.privateRun(SuiteRunner.java:415)
at org.testng.SuiteRunner.run(SuiteRunner.java:364)
at org.testng.SuiteRunnerWorker.runSuite(SuiteRunnerWorker.java:52)
at org.testng.SuiteRunnerWorker.run(SuiteRunnerWorker.java:84)
at org.testng.TestNG.runSuitesSequentially(TestNG.java:1208)
at org.testng.TestNG.runSuitesLocally(TestNG.java:1137)
at org.testng.TestNG.runSuites(TestNG.java:1049)
at org.testng.TestNG.run(TestNG.java:1017)
at com.intellij.rt.testng.IDEARemoteTestNG.run(IDEARemoteTestNG.java:65)
at com.intellij.rt.testng.RemoteTestNGStarter.main(RemoteTestNGStarter.java:105)
]]>
            </full-stacktrace>
          </exception> <!-- java.lang.AssertionError -->
          <reporter-output>
          </reporter-output>
        </test-method> <!-- test11_demo_post_Json_fail -->
      </class> <!-- org.example.demo111.TestCase.Test01 -->
      <class name="org.example.demo111.TestCase.Test03">
        <test-method is-config="true" signature="BeforeSuite()[pri:0, instance:org.example.demo111.TestCase.Test03@1cf6d1be]" started-at="2024-09-09T17:45:05Z" name="BeforeSuite" finished-at="2024-09-09T17:45:05Z" duration-ms="14" status="PASS">
          <reporter-output>
          </reporter-output>
        </test-method> <!-- BeforeSuite -->
        <test-method is-config="true" signature="BeforeTest()[pri:0, instance:org.example.demo111.TestCase.Test03@1cf6d1be]" started-at="2024-09-09T17:45:05Z" name="BeforeTest" finished-at="2024-09-09T17:45:05Z" duration-ms="1" status="PASS">
          <reporter-output>
          </reporter-output>
        </test-method> <!-- BeforeTest -->
        <test-method is-config="true" signature="BeforeClass()[pri:0, instance:org.example.demo111.TestCase.Test03@1cf6d1be]" started-at="2024-09-09T17:45:14Z" name="BeforeClass" finished-at="2024-09-09T17:45:14Z" duration-ms="2" status="PASS">
          <reporter-output>
          </reporter-output>
        </test-method> <!-- BeforeClass -->
        <test-method is-config="true" signature="BeforeMethod()[pri:0, instance:org.example.demo111.TestCase.Test03@1cf6d1be]" started-at="2024-09-09T17:45:14Z" name="BeforeMethod" finished-at="2024-09-09T17:45:14Z" duration-ms="1" status="PASS">
          <reporter-output>
          </reporter-output>
        </test-method> <!-- BeforeMethod -->
        <test-method signature="Addition_11()[pri:1, instance:org.example.demo111.TestCase.Test03@1cf6d1be]" started-at="2024-09-09T17:45:14Z" name="Addition_11" finished-at="2024-09-09T17:45:14Z" duration-ms="3" status="PASS">
          <reporter-output>
          </reporter-output>
        </test-method> <!-- Addition_11 -->
        <test-method is-config="true" signature="AfterMethod()[pri:0, instance:org.example.demo111.TestCase.Test03@1cf6d1be]" started-at="2024-09-09T17:45:14Z" name="AfterMethod" finished-at="2024-09-09T17:45:14Z" duration-ms="1" status="PASS">
          <reporter-output>
          </reporter-output>
        </test-method> <!-- AfterMethod -->
        <test-method is-config="true" signature="BeforeMethod()[pri:0, instance:org.example.demo111.TestCase.Test03@1cf6d1be]" started-at="2024-09-09T17:45:14Z" name="BeforeMethod" finished-at="2024-09-09T17:45:14Z" duration-ms="1" status="PASS">
          <reporter-output>
          </reporter-output>
        </test-method> <!-- BeforeMethod -->
        <test-method signature="testDivision()[pri:1, instance:org.example.demo111.TestCase.Test03@1cf6d1be]" started-at="2024-09-09T17:45:14Z" name="testDivision" finished-at="2024-09-09T17:45:14Z" duration-ms="3" status="PASS">
          <reporter-output>
          </reporter-output>
        </test-method> <!-- testDivision -->
        <test-method is-config="true" signature="AfterMethod()[pri:0, instance:org.example.demo111.TestCase.Test03@1cf6d1be]" started-at="2024-09-09T17:45:14Z" name="AfterMethod" finished-at="2024-09-09T17:45:14Z" duration-ms="0" status="PASS">
          <reporter-output>
          </reporter-output>
        </test-method> <!-- AfterMethod -->
        <test-method is-config="true" signature="BeforeMethod()[pri:0, instance:org.example.demo111.TestCase.Test03@1cf6d1be]" started-at="2024-09-09T17:45:14Z" name="BeforeMethod" finished-at="2024-09-09T17:45:14Z" duration-ms="0" status="PASS">
          <reporter-output>
          </reporter-output>
        </test-method> <!-- BeforeMethod -->
        <test-method signature="test_Parameters(java.lang.String)[pri:2, instance:org.example.demo111.TestCase.Test03@1cf6d1be]" started-at="2024-09-09T17:45:14Z" name="test_Parameters" data-provider="testParam" finished-at="2024-09-09T17:45:14Z" duration-ms="2" status="PASS">
          <params>
            <param index="0">
              <value>
                <![CDATA[dddddddd]]>
              </value>
            </param>
          </params>
          <reporter-output>
          </reporter-output>
        </test-method> <!-- test_Parameters -->
        <test-method is-config="true" signature="AfterMethod()[pri:0, instance:org.example.demo111.TestCase.Test03@1cf6d1be]" started-at="2024-09-09T17:45:14Z" name="AfterMethod" finished-at="2024-09-09T17:45:14Z" duration-ms="1" status="PASS">
          <reporter-output>
          </reporter-output>
        </test-method> <!-- AfterMethod -->
        <test-method is-config="true" signature="BeforeMethod()[pri:0, instance:org.example.demo111.TestCase.Test03@1cf6d1be]" started-at="2024-09-09T17:45:14Z" name="BeforeMethod" finished-at="2024-09-09T17:45:14Z" duration-ms="0" status="PASS">
          <reporter-output>
          </reporter-output>
        </test-method> <!-- BeforeMethod -->
        <test-method signature="test_Parameters(java.lang.String)[pri:2, instance:org.example.demo111.TestCase.Test03@1cf6d1be]" started-at="2024-09-09T17:45:14Z" name="test_Parameters" data-provider="testParam" finished-at="2024-09-09T17:45:14Z" duration-ms="2" status="PASS">
          <params>
            <param index="0">
              <value>
                <![CDATA[kkkkkk]]>
              </value>
            </param>
          </params>
          <reporter-output>
          </reporter-output>
        </test-method> <!-- test_Parameters -->
        <test-method is-config="true" signature="AfterMethod()[pri:0, instance:org.example.demo111.TestCase.Test03@1cf6d1be]" started-at="2024-09-09T17:45:14Z" name="AfterMethod" finished-at="2024-09-09T17:45:14Z" duration-ms="1" status="PASS">
          <reporter-output>
          </reporter-output>
        </test-method> <!-- AfterMethod -->
        <test-method is-config="true" signature="BeforeMethod()[pri:0, instance:org.example.demo111.TestCase.Test03@1cf6d1be]" started-at="2024-09-09T17:45:14Z" name="BeforeMethod" finished-at="2024-09-09T17:45:14Z" duration-ms="0" status="PASS">
          <reporter-output>
          </reporter-output>
        </test-method> <!-- BeforeMethod -->
        <test-method signature="test_Parameters(java.lang.String)[pri:2, instance:org.example.demo111.TestCase.Test03@1cf6d1be]" started-at="2024-09-09T17:45:14Z" name="test_Parameters" data-provider="testParam" finished-at="2024-09-09T17:45:14Z" duration-ms="3" status="PASS">
          <params>
            <param index="0">
              <value>
                <![CDATA[mmmmm]]>
              </value>
            </param>
          </params>
          <reporter-output>
          </reporter-output>
        </test-method> <!-- test_Parameters -->
        <test-method is-config="true" signature="AfterMethod()[pri:0, instance:org.example.demo111.TestCase.Test03@1cf6d1be]" started-at="2024-09-09T17:45:14Z" name="AfterMethod" finished-at="2024-09-09T17:45:14Z" duration-ms="0" status="PASS">
          <reporter-output>
          </reporter-output>
        </test-method> <!-- AfterMethod -->
        <test-method is-config="true" signature="AfterClass()[pri:0, instance:org.example.demo111.TestCase.Test03@1cf6d1be]" started-at="2024-09-09T17:45:14Z" name="AfterClass" finished-at="2024-09-09T17:45:14Z" duration-ms="2" status="PASS">
          <reporter-output>
          </reporter-output>
        </test-method> <!-- AfterClass -->
        <test-method is-config="true" signature="AfterTest()[pri:0, instance:org.example.demo111.TestCase.Test03@1cf6d1be]" started-at="2024-09-09T17:45:14Z" name="AfterTest" finished-at="2024-09-09T17:45:14Z" duration-ms="1" status="PASS">
          <reporter-output>
          </reporter-output>
        </test-method> <!-- AfterTest -->
        <test-method is-config="true" signature="AfterSuite()[pri:0, instance:org.example.demo111.TestCase.Test03@1cf6d1be]" started-at="2024-09-09T17:45:14Z" name="AfterSuite" finished-at="2024-09-09T17:45:14Z" duration-ms="0" status="PASS">
          <reporter-output>
          </reporter-output>
        </test-method> <!-- AfterSuite -->
      </class> <!-- org.example.demo111.TestCase.Test03 -->
    </test> <!-- D:/IDEAProjects/demo111 -->
  </suite> <!-- All Test Suite -->
</testng-results>
