<?xml version="1.0" encoding="UTF-8"?>
<!-- Generated by org.testng.reporters.JUnitReportReporter -->
<testsuite hostname="Sun0922" failures="0" tests="5" name="org.example.demo111.TestCase.Test03" time="0.013" errors="0" timestamp="07 9月 2024 02:58:10 GMT" skipped="0">
  <testcase classname="org.example.demo111.TestCase.Test03" name="Addition_11" time="0.003"/>
  <testcase classname="org.example.demo111.TestCase.Test03" name="testDivision" time="0.002"/>
  <testcase classname="org.example.demo111.TestCase.Test03" name="test_Parameters" time="0.002"/>
  <testcase classname="org.example.demo111.TestCase.Test03" name="test_Parameters" time="0.003"/>
  <testcase classname="org.example.demo111.TestCase.Test03" name="test_Parameters" time="0.003"/>
</testsuite> <!-- org.example.demo111.TestCase.Test03 -->
