<?xml version="1.0" encoding="UTF-8"?>
<!-- Generated by org.testng.reporters.JUnitReportReporter -->
<testsuite hostname="Sun0922" failures="0" tests="5" name="org.example.demo111.TestCase.ExcelDataTest" time="0.206" errors="0" timestamp="09 9月 2024 17:45:14 GMT" skipped="0">
  <testcase classname="org.example.demo111.TestCase.ExcelDataTest" name="testLogin" time="0.180"/>
  <testcase classname="org.example.demo111.TestCase.ExcelDataTest" name="testLogin" time="0.006"/>
  <testcase classname="org.example.demo111.TestCase.ExcelDataTest" name="testLogin" time="0.007"/>
  <testcase classname="org.example.demo111.TestCase.ExcelDataTest" name="testLogin" time="0.007"/>
  <testcase classname="org.example.demo111.TestCase.ExcelDataTest" name="testLogin" time="0.006"/>
</testsuite> <!-- org.example.demo111.TestCase.ExcelDataTest -->
