<?xml version="1.0" encoding="UTF-8"?>
<!-- Generated by org.testng.reporters.JUnitReportReporter -->
<testsuite hostname="Sun0922" failures="0" tests="4" name="org.example.demo111.TestCase.TC1" time="0.007" errors="0" timestamp="07 9月 2024 02:58:10 GMT" skipped="0">
  <testcase classname="org.example.demo111.TestCase.TC1" name="testcase2" time="0.002"/>
  <testcase classname="org.example.demo111.TestCase.TC1" name="testcase2" time="0.002"/>
  <testcase classname="org.example.demo111.TestCase.TC1" name="testcase2" time="0.002"/>
  <testcase classname="org.example.demo111.TestCase.TC1" name="testcase1" time="0.001"/>
</testsuite> <!-- org.example.demo111.TestCase.TC1 -->
