<?xml version="1.0" encoding="UTF-8"?>
<!-- Generated by org.testng.reporters.JUnitReportReporter -->
<testsuite hostname="Sun0922" failures="0" tests="6" name="org.example.demo111.TestCase.DataProviderTest" time="0.037" errors="0" timestamp="08 9月 2024 00:57:50 GMT" skipped="0">
  <testcase classname="org.example.demo111.TestCase.DataProviderTest" name="getName_dataProvider" time="0.003"/>
  <testcase classname="org.example.demo111.TestCase.DataProviderTest" name="getName_dataProvider" time="0.003"/>
  <testcase classname="org.example.demo111.TestCase.DataProviderTest" name="getName_dataProvider" time="0.005"/>
  <testcase classname="org.example.demo111.TestCase.DataProviderTest" name="getName_dataProvider" time="0.019"/>
  <testcase classname="org.example.demo111.TestCase.DataProviderTest" name="getName_dataProvider" time="0.004"/>
  <testcase classname="org.example.demo111.TestCase.DataProviderTest" name="getName_dataProvider" time="0.003"/>
</testsuite> <!-- org.example.demo111.TestCase.DataProviderTest -->
