<?xml version="1.0" encoding="UTF-8"?>
<!-- Generated by org.testng.reporters.JUnitReportReporter -->
<testsuite hostname="Sun0922" failures="0" tests="5" name="org.example.demo111.TestCase.TestTestNGSequence" time="0.027" errors="0" timestamp="13 9月 2024 13:14:39 GMT" skipped="0">
  <testcase classname="org.example.demo111.TestCase.TestTestNGSequence" name="testDivision" time="0.005"/>
  <testcase classname="org.example.demo111.TestCase.TestTestNGSequence" name="Addition_11" time="0.008"/>
  <testcase classname="org.example.demo111.TestCase.TestTestNGSequence" name="test_Parameters" time="0.007"/>
  <testcase classname="org.example.demo111.TestCase.TestTestNGSequence" name="test_Parameters" time="0.002"/>
  <testcase classname="org.example.demo111.TestCase.TestTestNGSequence" name="test_Parameters" time="0.005"/>
</testsuite> <!-- org.example.demo111.TestCase.TestTestNGSequence -->
