<?xml version="1.0" encoding="UTF-8"?>
<!-- Generated by org.testng.reporters.JUnitReportReporter -->
<testsuite hostname="Sun0922" failures="0" tests="6" name="org.example.demo111.TestCase.ExcelDataTest" time="0.223" errors="0" timestamp="13 9月 2024 13:14:39 GMT" skipped="0">
  <testcase classname="org.example.demo111.TestCase.ExcelDataTest" name="testLogin" time="0.175"/>
  <testcase classname="org.example.demo111.TestCase.ExcelDataTest" name="testLogin" time="0.010"/>
  <testcase classname="org.example.demo111.TestCase.ExcelDataTest" name="testLogin" time="0.009"/>
  <testcase classname="org.example.demo111.TestCase.ExcelDataTest" name="testLogin" time="0.009"/>
  <testcase classname="org.example.demo111.TestCase.ExcelDataTest" name="testLogin" time="0.010"/>
  <testcase classname="org.example.demo111.TestCase.ExcelDataTest" name="testLogin" time="0.010"/>
</testsuite> <!-- org.example.demo111.TestCase.ExcelDataTest -->
