<?xml version="1.0" encoding="UTF-8"?>
<!-- Generated by org.testng.reporters.JUnitReportReporter -->
<testsuite hostname="Sun0922" failures="0" tests="5" name="org.example.demo111.TestCase.TestTestNGSequence" time="0.023" errors="0" timestamp="28 5月 2025 13:43:55 GMT" skipped="0">
  <testcase classname="org.example.demo111.TestCase.TestTestNGSequence" name="testDivision" time="0.003"/>
  <testcase classname="org.example.demo111.TestCase.TestTestNGSequence" name="Addition_11" time="0.004"/>
  <testcase classname="org.example.demo111.TestCase.TestTestNGSequence" name="test_Parameters" time="0.004"/>
  <testcase classname="org.example.demo111.TestCase.TestTestNGSequence" name="test_Parameters" time="0.009"/>
  <testcase classname="org.example.demo111.TestCase.TestTestNGSequence" name="test_Parameters" time="0.003"/>
</testsuite> <!-- org.example.demo111.TestCase.TestTestNGSequence -->
